{"C:\\Users\\aluno\\Desktop\\exemplo-polimorfismo\\src\\models\\dao\\UserPropertyCsvDAO.ts": {"path":"C:\\Users\\aluno\\Desktop\\exemplo-polimorfismo\\src\\models\\dao\\UserPropertyCsvDAO.ts","statementMap":{"0":{"start":{"line":3,"column":0},"end":{"line":3,"column":65}},"1":{"start":{"line":4,"column":0},"end":{"line":4,"column":28}},"2":{"start":{"line":11,"column":4},"end":{"line":17,"column":6}},"3":{"start":{"line":19,"column":4},"end":{"line":19,"column":27}},"4":{"start":{"line":23,"column":4},"end":{"line":23,"column":26}},"5":{"start":{"line":24,"column":20},"end":{"line":24,"column":69}},"6":{"start":{"line":25,"column":18},"end":{"line":25,"column":37}},"7":{"start":{"line":26,"column":4},"end":{"line":37,"column":7}},"8":{"start":{"line":28,"column":6},"end":{"line":36,"column":null}},"9":{"start":{"line":29,"column":20},"end":{"line":29,"column":32}},"10":{"start":{"line":30,"column":39},"end":{"line":33,"column":10}},"11":{"start":{"line":35,"column":8},"end":{"line":35,"column":40}},"12":{"start":{"line":42,"column":4},"end":{"line":42,"column":61}},"13":{"start":{"line":44,"column":4},"end":{"line":47,"column":7}},"14":{"start":{"line":45,"column":19},"end":{"line":45,"column":42}},"15":{"start":{"line":46,"column":6},"end":{"line":46,"column":55}},"16":{"start":{"line":51,"column":20},"end":{"line":51,"column":32}},"17":{"start":{"line":52,"column":18},"end":{"line":52,"column":65}},"18":{"start":{"line":52,"column":52},"end":{"line":52,"column":64}},"19":{"start":{"line":54,"column":4},"end":{"line":58,"column":null}},"20":{"start":{"line":55,"column":6},"end":{"line":55,"column":45}},"21":{"start":{"line":57,"column":6},"end":{"line":57,"column":42}},"22":{"start":{"line":60,"column":4},"end":{"line":60,"column":27}},"23":{"start":{"line":64,"column":21},"end":{"line":64,"column":63}},"24":{"start":{"line":64,"column":50},"end":{"line":64,"column":62}},"25":{"start":{"line":66,"column":4},"end":{"line":66,"column":44}},"26":{"start":{"line":6,"column":0},"end":{"line":6,"column":21}}},"fnMap":{"0":{"name":"(anonymous_0)","decl":{"start":{"line":10,"column":2},"end":{"line":10,"column":null}},"loc":{"start":{"line":10,"column":2},"end":{"line":20,"column":3}}},"1":{"name":"(anonymous_1)","decl":{"start":{"line":22,"column":10},"end":{"line":22,"column":25}},"loc":{"start":{"line":22,"column":25},"end":{"line":38,"column":3}}},"2":{"name":"(anonymous_2)","decl":{"start":{"line":26,"column":27},"end":{"line":26,"column":28}},"loc":{"start":{"line":26,"column":33},"end":{"line":37,"column":5}}},"3":{"name":"(anonymous_3)","decl":{"start":{"line":40,"column":10},"end":{"line":40,"column":25}},"loc":{"start":{"line":40,"column":25},"end":{"line":48,"column":3}}},"4":{"name":"(anonymous_4)","decl":{"start":{"line":44,"column":29},"end":{"line":44,"column":30}},"loc":{"start":{"line":44,"column":35},"end":{"line":47,"column":5}}},"5":{"name":"(anonymous_5)","decl":{"start":{"line":50,"column":2},"end":{"line":50,"column":5}},"loc":{"start":{"line":50,"column":32},"end":{"line":61,"column":3}}},"6":{"name":"(anonymous_6)","decl":{"start":{"line":52,"column":45},"end":{"line":52,"column":46}},"loc":{"start":{"line":52,"column":52},"end":{"line":52,"column":64}}},"7":{"name":"(anonymous_7)","decl":{"start":{"line":63,"column":2},"end":{"line":63,"column":5}},"loc":{"start":{"line":63,"column":17},"end":{"line":67,"column":3}}},"8":{"name":"(anonymous_8)","decl":{"start":{"line":64,"column":43},"end":{"line":64,"column":44}},"loc":{"start":{"line":64,"column":50},"end":{"line":64,"column":62}}}},"branchMap":{"0":{"loc":{"start":{"line":28,"column":6},"end":{"line":36,"column":null}},"type":"if","locations":[{"start":{"line":28,"column":6},"end":{"line":36,"column":null}}]},"1":{"loc":{"start":{"line":28,"column":10},"end":{"line":28,"column":30}},"type":"binary-expr","locations":[{"start":{"line":28,"column":10},"end":{"line":28,"column":11}},{"start":{"line":28,"column":15},"end":{"line":28,"column":30}}]},"2":{"loc":{"start":{"line":54,"column":4},"end":{"line":58,"column":null}},"type":"if","locations":[{"start":{"line":54,"column":4},"end":{"line":58,"column":null}},{"start":{"line":56,"column":11},"end":{"line":58,"column":null}}]},"3":{"loc":{"start":{"line":66,"column":11},"end":{"line":66,"column":43}},"type":"cond-expr","locations":[{"start":{"line":66,"column":22},"end":{"line":66,"column":36}},{"start":{"line":66,"column":39},"end":{"line":66,"column":43}}]}},"s":{"0":1,"1":1,"2":5,"3":5,"4":5,"5":5,"6":5,"7":5,"8":0,"9":0,"10":0,"11":0,"12":10,"13":10,"14":16,"15":16,"16":10,"17":10,"18":9,"19":10,"20":3,"21":7,"22":10,"23":3,"24":2,"25":3,"26":1},"f":{"0":5,"1":5,"2":0,"3":10,"4":16,"5":10,"6":9,"7":3,"8":2},"b":{"0":[0],"1":[0,0],"2":[3,7],"3":[2,1]}}
,"C:\\Users\\aluno\\Desktop\\exemplo-polimorfismo\\src\\models\\dao\\UserPropertyDAO.ts": {"path":"C:\\Users\\aluno\\Desktop\\exemplo-polimorfismo\\src\\models\\dao\\UserPropertyDAO.ts","statementMap":{"0":{"start":{"line":1,"column":0},"end":{"line":1,"column":64}},"1":{"start":{"line":2,"column":0},"end":{"line":2,"column":27}},"2":{"start":{"line":11,"column":4},"end":{"line":17,"column":null}},"3":{"start":{"line":19,"column":4},"end":{"line":19,"column":null}},"4":{"start":{"line":23,"column":4},"end":{"line":23,"column":null}},"5":{"start":{"line":24,"column":20},"end":{"line":24,"column":69}},"6":{"start":{"line":25,"column":18},"end":{"line":25,"column":37}},"7":{"start":{"line":26,"column":4},"end":{"line":37,"column":null}},"8":{"start":{"line":28,"column":6},"end":{"line":36,"column":null}},"9":{"start":{"line":29,"column":20},"end":{"line":29,"column":32}},"10":{"start":{"line":30,"column":39},"end":{"line":33,"column":null}},"11":{"start":{"line":35,"column":8},"end":{"line":35,"column":null}},"12":{"start":{"line":42,"column":4},"end":{"line":42,"column":null}},"13":{"start":{"line":44,"column":4},"end":{"line":47,"column":null}},"14":{"start":{"line":45,"column":19},"end":{"line":45,"column":42}},"15":{"start":{"line":46,"column":6},"end":{"line":46,"column":null}},"16":{"start":{"line":51,"column":20},"end":{"line":51,"column":32}},"17":{"start":{"line":52,"column":18},"end":{"line":52,"column":65}},"18":{"start":{"line":52,"column":52},"end":{"line":52,"column":64}},"19":{"start":{"line":54,"column":4},"end":{"line":58,"column":null}},"20":{"start":{"line":55,"column":6},"end":{"line":55,"column":null}},"21":{"start":{"line":57,"column":6},"end":{"line":57,"column":null}},"22":{"start":{"line":60,"column":4},"end":{"line":60,"column":null}},"23":{"start":{"line":64,"column":21},"end":{"line":64,"column":63}},"24":{"start":{"line":64,"column":50},"end":{"line":64,"column":62}},"25":{"start":{"line":66,"column":4},"end":{"line":66,"column":null}},"26":{"start":{"line":6,"column":0},"end":{"line":6,"column":21}}},"fnMap":{"0":{"name":"(anonymous_0)","decl":{"start":{"line":10,"column":2},"end":{"line":10,"column":null}},"loc":{"start":{"line":10,"column":2},"end":{"line":20,"column":3}}},"1":{"name":"(anonymous_1)","decl":{"start":{"line":22,"column":10},"end":{"line":22,"column":25}},"loc":{"start":{"line":22,"column":25},"end":{"line":38,"column":3}}},"2":{"name":"(anonymous_2)","decl":{"start":{"line":26,"column":18},"end":{"line":26,"column":19}},"loc":{"start":{"line":26,"column":24},"end":{"line":37,"column":5}}},"3":{"name":"(anonymous_3)","decl":{"start":{"line":40,"column":10},"end":{"line":40,"column":25}},"loc":{"start":{"line":40,"column":25},"end":{"line":48,"column":3}}},"4":{"name":"(anonymous_4)","decl":{"start":{"line":44,"column":29},"end":{"line":44,"column":30}},"loc":{"start":{"line":44,"column":35},"end":{"line":47,"column":5}}},"5":{"name":"(anonymous_5)","decl":{"start":{"line":50,"column":2},"end":{"line":50,"column":5}},"loc":{"start":{"line":50,"column":32},"end":{"line":61,"column":3}}},"6":{"name":"(anonymous_6)","decl":{"start":{"line":52,"column":45},"end":{"line":52,"column":46}},"loc":{"start":{"line":52,"column":52},"end":{"line":52,"column":64}}},"7":{"name":"(anonymous_7)","decl":{"start":{"line":63,"column":2},"end":{"line":63,"column":5}},"loc":{"start":{"line":63,"column":17},"end":{"line":67,"column":3}}},"8":{"name":"(anonymous_8)","decl":{"start":{"line":64,"column":43},"end":{"line":64,"column":44}},"loc":{"start":{"line":64,"column":50},"end":{"line":64,"column":62}}}},"branchMap":{"0":{"loc":{"start":{"line":28,"column":6},"end":{"line":36,"column":null}},"type":"if","locations":[{"start":{"line":28,"column":6},"end":{"line":36,"column":null}}]},"1":{"loc":{"start":{"line":28,"column":10},"end":{"line":28,"column":30}},"type":"binary-expr","locations":[{"start":{"line":28,"column":10},"end":{"line":28,"column":11}},{"start":{"line":28,"column":15},"end":{"line":28,"column":30}}]},"2":{"loc":{"start":{"line":54,"column":4},"end":{"line":58,"column":null}},"type":"if","locations":[{"start":{"line":54,"column":4},"end":{"line":58,"column":null}},{"start":{"line":56,"column":11},"end":{"line":58,"column":null}}]},"3":{"loc":{"start":{"line":66,"column":11},"end":{"line":66,"column":43}},"type":"cond-expr","locations":[{"start":{"line":66,"column":22},"end":{"line":66,"column":36}},{"start":{"line":66,"column":39},"end":{"line":66,"column":43}}]}},"s":{"0":1,"1":1,"2":5,"3":5,"4":5,"5":5,"6":5,"7":5,"8":5,"9":0,"10":0,"11":0,"12":10,"13":10,"14":16,"15":16,"16":10,"17":10,"18":9,"19":10,"20":3,"21":7,"22":10,"23":3,"24":2,"25":3,"26":1},"f":{"0":5,"1":5,"2":5,"3":10,"4":16,"5":10,"6":9,"7":3,"8":2},"b":{"0":[0],"1":[5,0],"2":[3,7],"3":[2,1]}}
}
