{"C:\\Users\\aluno\\exemplo-polimorfismo\\src\\models\\dao\\UserPropertyCsvDAO.ts": {"path":"C:\\Users\\aluno\\exemplo-polimorfismo\\src\\models\\dao\\UserPropertyCsvDAO.ts","statementMap":{"0":{"start":{"line":3,"column":0},"end":{"line":3,"column":65}},"1":{"start":{"line":4,"column":0},"end":{"line":4,"column":28}},"2":{"start":{"line":5,"column":0},"end":{"line":5,"column":48}},"3":{"start":{"line":9,"column":4},"end":{"line":9,"column":59}},"4":{"start":{"line":10,"column":4},"end":{"line":16,"column":6}},"5":{"start":{"line":18,"column":4},"end":{"line":18,"column":27}},"6":{"start":{"line":22,"column":4},"end":{"line":22,"column":26}},"7":{"start":{"line":23,"column":20},"end":{"line":23,"column":69}},"8":{"start":{"line":24,"column":18},"end":{"line":24,"column":37}},"9":{"start":{"line":25,"column":4},"end":{"line":36,"column":7}},"10":{"start":{"line":27,"column":6},"end":{"line":35,"column":null}},"11":{"start":{"line":28,"column":20},"end":{"line":28,"column":32}},"12":{"start":{"line":29,"column":39},"end":{"line":32,"column":10}},"13":{"start":{"line":34,"column":8},"end":{"line":34,"column":40}},"14":{"start":{"line":41,"column":4},"end":{"line":41,"column":61}},"15":{"start":{"line":43,"column":4},"end":{"line":46,"column":7}},"16":{"start":{"line":44,"column":19},"end":{"line":44,"column":42}},"17":{"start":{"line":45,"column":6},"end":{"line":45,"column":55}},"18":{"start":{"line":7,"column":0},"end":{"line":7,"column":21}}},"fnMap":{"0":{"name":"(anonymous_0)","decl":{"start":{"line":8,"column":2},"end":{"line":8,"column":null}},"loc":{"start":{"line":8,"column":2},"end":{"line":19,"column":3}}},"1":{"name":"(anonymous_1)","decl":{"start":{"line":21,"column":12},"end":{"line":21,"column":27}},"loc":{"start":{"line":21,"column":27},"end":{"line":37,"column":3}}},"2":{"name":"(anonymous_2)","decl":{"start":{"line":25,"column":27},"end":{"line":25,"column":28}},"loc":{"start":{"line":25,"column":33},"end":{"line":36,"column":5}}},"3":{"name":"(anonymous_3)","decl":{"start":{"line":39,"column":12},"end":{"line":39,"column":27}},"loc":{"start":{"line":39,"column":27},"end":{"line":47,"column":3}}},"4":{"name":"(anonymous_4)","decl":{"start":{"line":43,"column":29},"end":{"line":43,"column":30}},"loc":{"start":{"line":43,"column":35},"end":{"line":46,"column":5}}}},"branchMap":{"0":{"loc":{"start":{"line":27,"column":6},"end":{"line":35,"column":null}},"type":"if","locations":[{"start":{"line":27,"column":6},"end":{"line":35,"column":null}}]},"1":{"loc":{"start":{"line":27,"column":10},"end":{"line":27,"column":30}},"type":"binary-expr","locations":[{"start":{"line":27,"column":10},"end":{"line":27,"column":11}},{"start":{"line":27,"column":15},"end":{"line":27,"column":30}}]}},"s":{"0":1,"1":1,"2":1,"3":4,"4":4,"5":4,"6":8,"7":8,"8":8,"9":8,"10":0,"11":0,"12":0,"13":0,"14":5,"15":5,"16":8,"17":8,"18":1},"f":{"0":4,"1":8,"2":0,"3":5,"4":8},"b":{"0":[0],"1":[0,0]}}
,"C:\\Users\\aluno\\exemplo-polimorfismo\\src\\models\\dao\\UserPropertyDao.ts": {"path":"C:\\Users\\aluno\\exemplo-polimorfismo\\src\\models\\dao\\UserPropertyDao.ts","statementMap":{"0":{"start":{"line":8,"column":8},"end":{"line":8,"column":null}},"1":{"start":{"line":9,"column":8},"end":{"line":9,"column":null}},"2":{"start":{"line":16,"column":24},"end":{"line":16,"column":36}},"3":{"start":{"line":17,"column":22},"end":{"line":17,"column":69}},"4":{"start":{"line":17,"column":56},"end":{"line":17,"column":68}},"5":{"start":{"line":19,"column":8},"end":{"line":23,"column":null}},"6":{"start":{"line":20,"column":10},"end":{"line":20,"column":49}},"7":{"start":{"line":22,"column":10},"end":{"line":22,"column":46}},"8":{"start":{"line":25,"column":8},"end":{"line":25,"column":31}},"9":{"start":{"line":29,"column":25},"end":{"line":29,"column":67}},"10":{"start":{"line":29,"column":54},"end":{"line":29,"column":66}},"11":{"start":{"line":31,"column":8},"end":{"line":31,"column":48}},"12":{"start":{"line":3,"column":0},"end":{"line":3,"column":30}}},"fnMap":{"0":{"name":"(anonymous_0)","decl":{"start":{"line":7,"column":4},"end":{"line":7,"column":16}},"loc":{"start":{"line":7,"column":44},"end":{"line":10,"column":5}}},"1":{"name":"(anonymous_1)","decl":{"start":{"line":15,"column":4},"end":{"line":15,"column":7}},"loc":{"start":{"line":15,"column":34},"end":{"line":26,"column":7}}},"2":{"name":"(anonymous_2)","decl":{"start":{"line":17,"column":49},"end":{"line":17,"column":50}},"loc":{"start":{"line":17,"column":56},"end":{"line":17,"column":68}}},"3":{"name":"(anonymous_3)","decl":{"start":{"line":28,"column":6},"end":{"line":28,"column":9}},"loc":{"start":{"line":28,"column":21},"end":{"line":32,"column":7}}},"4":{"name":"(anonymous_4)","decl":{"start":{"line":29,"column":47},"end":{"line":29,"column":48}},"loc":{"start":{"line":29,"column":54},"end":{"line":29,"column":66}}}},"branchMap":{"0":{"loc":{"start":{"line":19,"column":8},"end":{"line":23,"column":null}},"type":"if","locations":[{"start":{"line":19,"column":8},"end":{"line":23,"column":null}},{"start":{"line":21,"column":15},"end":{"line":23,"column":null}}]},"1":{"loc":{"start":{"line":31,"column":15},"end":{"line":31,"column":47}},"type":"cond-expr","locations":[{"start":{"line":31,"column":26},"end":{"line":31,"column":40}},{"start":{"line":31,"column":43},"end":{"line":31,"column":47}}]}},"s":{"0":4,"1":4,"2":5,"3":5,"4":3,"5":5,"6":0,"7":5,"8":5,"9":1,"10":1,"11":1,"12":1},"f":{"0":4,"1":5,"2":3,"3":1,"4":1},"b":{"0":[0,5],"1":[1,0]}}
}
