TN:
SF:src\models\dao\UserPropertyCsvDAO.ts
FN:10,(anonymous_0)
FN:22,(anonymous_1)
FN:26,(anonymous_2)
FN:40,(anonymous_3)
FN:44,(anonymous_4)
FN:50,(anonymous_5)
FN:52,(anonymous_6)
FN:63,(anonymous_7)
FN:64,(anonymous_8)
FNF:9
FNH:8
FNDA:5,(anonymous_0)
FNDA:5,(anonymous_1)
FNDA:0,(anonymous_2)
FNDA:10,(anonymous_3)
FNDA:16,(anonymous_4)
FNDA:10,(anonymous_5)
FNDA:9,(anonymous_6)
FNDA:3,(anonymous_7)
FNDA:2,(anonymous_8)
DA:3,1
DA:4,1
DA:6,1
DA:11,5
DA:19,5
DA:23,5
DA:24,5
DA:25,5
DA:26,5
DA:28,0
DA:29,0
DA:30,0
DA:35,0
DA:42,10
DA:44,10
DA:45,16
DA:46,16
DA:51,10
DA:52,10
DA:54,10
DA:55,3
DA:57,7
DA:60,10
DA:64,3
DA:66,3
LF:25
LH:21
BRDA:28,0,0,0
BRDA:28,1,0,0
BRDA:28,1,1,0
BRDA:54,2,0,3
BRDA:54,2,1,7
BRDA:66,3,0,2
BRDA:66,3,1,1
BRF:7
BRH:4
end_of_record
TN:
SF:src\models\dao\UserPropertyDAO.ts
FN:10,(anonymous_0)
FN:22,(anonymous_1)
FN:26,(anonymous_2)
FN:40,(anonymous_3)
FN:44,(anonymous_4)
FN:50,(anonymous_5)
FN:52,(anonymous_6)
FN:63,(anonymous_7)
FN:64,(anonymous_8)
FNF:9
FNH:9
FNDA:5,(anonymous_0)
FNDA:5,(anonymous_1)
FNDA:5,(anonymous_2)
FNDA:10,(anonymous_3)
FNDA:16,(anonymous_4)
FNDA:10,(anonymous_5)
FNDA:9,(anonymous_6)
FNDA:3,(anonymous_7)
FNDA:2,(anonymous_8)
DA:1,1
DA:2,1
DA:6,1
DA:11,5
DA:19,5
DA:23,5
DA:24,5
DA:25,5
DA:26,5
DA:28,5
DA:29,0
DA:30,0
DA:35,0
DA:42,10
DA:44,10
DA:45,16
DA:46,16
DA:51,10
DA:52,10
DA:54,10
DA:55,3
DA:57,7
DA:60,10
DA:64,3
DA:66,3
LF:25
LH:22
BRDA:28,0,0,0
BRDA:28,1,0,5
BRDA:28,1,1,0
BRDA:54,2,0,3
BRDA:54,2,1,7
BRDA:66,3,0,2
BRDA:66,3,1,1
BRF:7
BRH:5
end_of_record
