TN:
SF:src\models\dao\UserPropertyCsvDAO.ts
FN:8,(anonymous_0)
FN:21,(anonymous_1)
FN:25,(anonymous_2)
FN:39,(anonymous_3)
FN:43,(anonymous_4)
FNF:5
FNH:4
FNDA:4,(anonymous_0)
FNDA:8,(anonymous_1)
FNDA:0,(anonymous_2)
FNDA:5,(anonymous_3)
FNDA:8,(anonymous_4)
DA:3,1
DA:4,1
DA:5,1
DA:7,1
DA:9,4
DA:10,4
DA:18,4
DA:22,8
DA:23,8
DA:24,8
DA:25,8
DA:27,0
DA:28,0
DA:29,0
DA:34,0
DA:41,5
DA:43,5
DA:44,8
DA:45,8
LF:19
LH:15
BRDA:27,0,0,0
BRDA:27,1,0,0
BRDA:27,1,1,0
BRF:3
BRH:0
end_of_record
TN:
SF:src\models\dao\UserPropertyDao.ts
FN:7,(anonymous_0)
FN:15,(anonymous_1)
FN:17,(anonymous_2)
FN:28,(anonymous_3)
FN:29,(anonymous_4)
FNF:5
FNH:5
FNDA:4,(anonymous_0)
FNDA:5,(anonymous_1)
FNDA:3,(anonymous_2)
FNDA:1,(anonymous_3)
FNDA:1,(anonymous_4)
DA:3,1
DA:8,4
DA:9,4
DA:16,5
DA:17,5
DA:19,5
DA:20,0
DA:22,5
DA:25,5
DA:29,1
DA:31,1
LF:11
LH:10
BRDA:19,0,0,0
BRDA:19,0,1,5
BRDA:31,1,0,1
BRDA:31,1,1,0
BRF:4
BRH:2
end_of_record
